<?xml version="1.0" encoding="UTF-8"?>
<!-- Generated by org.testng.reporters.JUnitReportReporter -->
<testsuite hostname="AZJ-L-CQVHNN3" failures="0" tests="3" name="tests.BaseClass" time="15.267" errors="0" timestamp="2024-11-19T21:39:32 IST" skipped="0">
  <testcase classname="tests.BaseClass" name="verifyLoginTest" time="5.400"/>
  <testcase classname="tests.BaseClass" name="verifyLoginTest1" time="4.382"/>
  <testcase classname="tests.BaseClass" name="verifyLoginTest2" time="5.485"/>
</testsuite> <!-- tests.BaseClass -->
